
Showing logs for build [32mcb-kubecd-environment-pr-205-78-flpwc-1[0m stage [32mfrom-build-pack[0m and container [32mstep-credential-initializer-m4k9x[0m
{"level":"info","ts":1587315173.2536252,"logger":"fallback-logger","caller":"logging/config.go:69","msg":"Fetch GitHub commit ID from kodata failed: open /var/run/ko/refs/heads/0.8.0-ns-support: no such file or directory"}
{"level":"info","ts":1587315173.2545514,"logger":"fallback-logger","caller":"creds-init/main.go:40","msg":"Credentials initialized."}

Showing logs for build [32mcb-kubecd-environment-pr-205-78-flpwc-1[0m stage [32mfrom-build-pack[0m and container [32mstep-working-dir-initializer-zz6pr[0m
{"level":"info","ts":1587315174.2128053,"logger":"fallback-logger","caller":"logging/config.go:69","msg":"Fetch GitHub commit ID from kodata failed: open /var/run/ko/HEAD: no such file or directory"}
{"level":"info","ts":1587315174.214306,"logger":"fallback-logger","caller":"bash/main.go:64","msg":"Successfully executed command \"sh -c mkdir -p /workspace/source\"; output "}

Showing logs for build [32mcb-kubecd-environment-pr-205-78-flpwc-1[0m stage [32mfrom-build-pack[0m and container [32mstep-place-tools[0m

Showing logs for build [32mcb-kubecd-environment-pr-205-78-flpwc-1[0m stage [32mfrom-build-pack[0m and container [32mstep-git-source-cb-kubecd-environment-pr-205-78-flpwc-hfmmq[0m
{"level":"info","ts":1587315178.2922,"logger":"fallback-logger","caller":"logging/config.go:69","msg":"Fetch GitHub commit ID from kodata failed: open /var/run/ko/refs/heads/0.8.0-ns-support: no such file or directory"}
{"level":"info","ts":1587315179.2966075,"logger":"fallback-logger","caller":"git/git.go:103","msg":"Successfully cloned https://github.com/cb-kubecd/environment-pr-205-78-boot-vault-gke-production.git @ master in path /workspace/source"}

Showing logs for build [32mcb-kubecd-environment-pr-205-78-flpwc-1[0m stage [32mfrom-build-pack[0m and container [32mstep-git-merge[0m
Using SHAs from PULL_REFS=master:3f8fe82ea10f33afd5a8113b44f06fc8c6f2bac3,1:6a197850dd766313f8613bb03a18692475f8f973
DEBUG: LC_ALL=C JX_LOG_LEVEL=error git fetch origin --unshallow 6a197850dd766313f8613bb03a18692475f8f973: 3f8fe82ea10f33afd5a8113b44f06fc8c6f2bac3:
DEBUG: ran git fetch --unshallow origin 6a197850dd766313f8613bb03a18692475f8f973: 3f8fe82ea10f33afd5a8113b44f06fc8c6f2bac3: in 
DEBUG: LC_ALL=C JX_LOG_LEVEL=error git branch
DEBUG: JX_LOG_LEVEL=error LC_ALL=C git checkout master
DEBUG: ran git checkout master in 
DEBUG: JX_LOG_LEVEL=error LC_ALL=C git reset --hard 3f8fe82ea10f33afd5a8113b44f06fc8c6f2bac3
DEBUG: ran git reset --hard 3f8fe82ea10f33afd5a8113b44f06fc8c6f2bac3 in 
DEBUG: LC_ALL=C JX_LOG_LEVEL=error git clean -fd .
DEBUG: ran clean --force -d . in 
DEBUG: LC_ALL=C JX_LOG_LEVEL=error git merge 6a197850dd766313f8613bb03a18692475f8f973
DEBUG: ran git merge 6a197850dd766313f8613bb03a18692475f8f973 in 
DEBUG: JX_LOG_LEVEL=error LC_ALL=C git log --format=%H%x1f%an%x1f%ae%x1f%cn%x1f%ce%x1f%s%n%b%x1e 3f8fe82ea10f33afd5a8113b44f06fc8c6f2bac3..HEAD
Merged SHA 6a197850dd766313f8613bb03a18692475f8f973 with commit message 'chore: Promote bdd-spring-1587313929 to version 0.0.1' into base branch master

Showing logs for build [32mcb-kubecd-environment-pr-205-78-flpwc-1[0m stage [32mfrom-build-pack[0m and container [32mstep-build-helm-build[0m
WARNING: No $CHART_REPOSITORY defined so using the default value of: http://jenkins-x-chartmuseum:8080
Adding missing Helm repo: storage.googleapis.com https://storage.googleapis.com/chartmuseum.jenkins-x.io
WARNING: No secrets found on "helm/repos" due: reading the secret "helm/repos" from vault: no secret "helm/repos" not found in vault
Read credentials for https://storage.googleapis.com/chartmuseum.jenkins-x.io from vault helm/repos
Successfully added Helm repository storage.googleapis.com.
Adding missing Helm repo: jenkins-x-chartmuseum http://jenkins-x-chartmuseum:8080
WARNING: No secrets found on "helm/repos" due: reading the secret "helm/repos" from vault: no secret "helm/repos" not found in vault
Read credentials for http://jenkins-x-chartmuseum:8080 from vault helm/repos
Successfully added Helm repository jenkins-x-chartmuseum.
WARNING: No $CHART_REPOSITORY defined so using the default value of: http://jenkins-x-chartmuseum:8080
Adding missing Helm repo: chartmuseum.jenkins-x.io http://chartmuseum.jenkins-x.io
WARNING: No secrets found on "helm/repos" due: reading the secret "helm/repos" from vault: no secret "helm/repos" not found in vault
Read credentials for http://chartmuseum.jenkins-x.io from vault helm/repos
Successfully added Helm repository chartmuseum.jenkins-x.io.
